<?xml version="1.0" encoding="UTF-8"?>
<!-- Generated by org.testng.reporters.JUnitReportReporter -->
<testsuite hostname="DESKTOP-AT83ANU" failures="0" tests="4" name="Com_Test.TC_004" time="0.025" errors="0" timestamp="2025-02-08T15:14:17 IST" skipped="1">
  <testcase classname="Com_Test.TC_004" name="pqr" time="0.018"/>
  <testcase classname="Com_Test.TC_004" name="qwe" time="0.003"/>
  <testcase classname="Com_Test.TC_004" name="Abc" time="0.004"/>
  <testcase classname="Com_Test.TC_004" name="asq">
    <skipped/>
  </testcase> <!-- asq -->
</testsuite> <!-- Com_Test.TC_004 -->
