<?xml version="1.0" encoding="UTF-8"?>
<!-- Generated by org.testng.reporters.JUnitReportReporter -->
<testsuite hostname="DESKTOP-AT83ANU" failures="0" tests="6" name="Com_Test.TC_002" time="0.132" errors="0" timestamp="2025-02-09T10:44:05 IST" skipped="0">
  <testcase classname="Com_Test.TC_002" name="xyz" time="0.014"/>
  <testcase classname="Com_Test.TC_002" name="xyz" time="0.004"/>
  <testcase classname="Com_Test.TC_002" name="wer" time="0.003"/>
  <testcase classname="Com_Test.TC_002" name="pqr" time="0.105"/>
  <testcase classname="Com_Test.TC_002" name="wer" time="0.004"/>
  <testcase classname="Com_Test.TC_002" name="pqr" time="0.002"/>
</testsuite> <!-- Com_Test.TC_002 -->
