<?xml version="1.0" encoding="UTF-8"?>
<!-- Generated by org.testng.reporters.JUnitReportReporter -->
<testsuite hostname="DESKTOP-AT83ANU" failures="0" tests="2" name="Com_Test.TC__003" time="0.031" errors="0" timestamp="2025-02-08T14:59:57 IST" skipped="0">
  <testcase classname="Com_Test.TC__003" name="m2" time="0.029"/>
  <testcase classname="Com_Test.TC__003" name="m3" time="0.002"/>
</testsuite> <!-- Com_Test.TC__003 -->
