<?xml version="1.0" encoding="UTF-8"?>
<!-- Generated by org.testng.reporters.JUnitReportReporter -->
<testsuite hostname="DESKTOP-AT83ANU" failures="0" tests="1" name="Com_Test.TC_002" time="0.020" errors="0" timestamp="2025-02-08T15:13:40 IST" skipped="0">
  <testcase classname="Com_Test.TC_002" name="TC_002" time="0.020"/>
</testsuite> <!-- Com_Test.TC_002 -->
