<?xml version="1.0" encoding="UTF-8"?>
<!-- Generated by org.testng.reporters.JUnitReportReporter -->
<testsuite hostname="DESKTOP-AT83ANU" failures="0" tests="1" name="Com_Test.Test_Com_a5" time="32.820" errors="0" timestamp="2025-02-09T00:31:20 IST" skipped="0">
  <testcase classname="Com_Test.Test_Com_a5" name="intialliaze" time="32.820"/>
</testsuite> <!-- Com_Test.Test_Com_a5 -->
