<?xml version="1.0" encoding="UTF-8"?>
<!-- Generated by org.testng.reporters.JUnitReportReporter -->
<testsuite hostname="DESKTOP-AT83ANU" failures="0" tests="1" name="Com_Test.TC_002" time="0.004" errors="0" timestamp="2025-02-08T14:59:57 IST" skipped="0">
  <testcase classname="Com_Test.TC_002" name="pqr" time="0.004"/>
</testsuite> <!-- Com_Test.TC_002 -->
