<?xml version="1.0" encoding="UTF-8"?>
<!-- Generated by org.testng.reporters.JUnitReportReporter -->
<<<<<<< HEAD
<testsuite hostname="DESKTOP-AT83ANU" failures="0" tests="1" name="Com_Test.TC_002" time="0.004" errors="0" timestamp="2025-02-08T14:59:57 IST" skipped="0">
  <testcase classname="Com_Test.TC_002" name="pqr" time="0.004"/>
=======
<testsuite hostname="DESKTOP-AT83ANU" failures="0" tests="1" name="Com_Test.TC_002" time="0.020" errors="0" timestamp="2025-02-08T15:13:40 IST" skipped="0">
  <testcase classname="Com_Test.TC_002" name="TC_002" time="0.020"/>
>>>>>>> 3972a89ff0b52fb4e91bdf18630312cf1982828e
</testsuite> <!-- Com_Test.TC_002 -->
