<?xml version="1.0" encoding="UTF-8"?>
<!-- Generated by org.testng.reporters.JUnitReportReporter -->
<testsuite hostname="DESKTOP-AT83ANU" failures="0" tests="2" name="Com_Test.Base" time="29.718" errors="0" timestamp="2025-02-08T12:04:43 IST" skipped="0">
  <testcase classname="Com_Test.Base" name="Setup" time="29.012"/>
  <testcase classname="Com_Test.Base" name="TearDown" time="0.706"/>
</testsuite> <!-- Com_Test.Base -->
